This file contains any messages produced by compilers while
running configure, to aid debugging if configure makes a mistake.

It was created by bcm2835 configure 1.50, which was
generated by GNU Autoconf 2.69.  Invocation command line was

  $ ./configure 

## --------- ##
## Platform. ##
## --------- ##

hostname = ct-resy-ss17-4
uname -m = x86_64
uname -r = 4.4.44-1-pve
uname -s = Linux
uname -v = #1 SMP PVE 4.4.44-84 (Thu, 9 Mar 2017 12:06:34 +0100)

/usr/bin/uname -p = unknown
/bin/uname -X     = unknown

/bin/arch              = unknown
/usr/bin/arch -k       = unknown
/usr/convex/getsysinfo = unknown
/usr/bin/hostinfo      = unknown
/bin/machine           = unknown
/usr/bin/oslevel       = unknown
/bin/universe          = unknown

PATH: /nix/store/zbi1anzmy98gmadzsc3q68a6c8441xn1-labshell/bin
PATH: /nix/store/kf896bnxm001j3c1zq7azx9wybczkikv-dpkg-1.18.18/bin
PATH: /nix/store/5216a5g4sp66szsda9xsjj9wgq4j31gp-lesspipe/bin
PATH: /nix/store/vw0j02yhryiz4vn0961v8dgfbxgnjxk2-openssh-7.5p1/bin
PATH: /nix/store/yrqgavm2fn45zkan4cl4b9dbic7ycvdx-strace-4.16/bin
PATH: /nix/store/8kn3pq1aks4lclicfa56ifgi6frvwxl4-file-5.30/bin
PATH: /nix/store/nk9yjri4nxslaq28zkbvzwadj000kz29-man-db-2.7.5/bin
PATH: /nix/store/2l47kv0na4cls5m9d11f04zgrf25r2p9-less-487/bin
PATH: /nix/store/3l6841mybi9wi2p2n0ic3iqqrqxvdp8s-curl-7.53.1-dev/bin
PATH: /nix/store/5sz1y527gh100bq61dkkx6hbr6ix7d4n-nghttp2-1.20.0/bin
PATH: /nix/store/sr0w282l83cc77vbyk4yvm3csk5d762w-openssl-1.0.2k-bin/bin
PATH: /nix/store/3zdbgnx7fcr21fq35y5jzpi34ix48j49-curl-7.53.1-bin/bin
PATH: /nix/store/5pdvjinp8092ybr771vwpjawjnrc07z8-pstree-2.39/bin
PATH: /nix/store/gn9fsnb7mw978i5hsh4z7bxr7d6ap4zg-fasd-unstable-2016-08-11/bin
PATH: /nix/store/am01rx853i2g4wqllyd7xchf5xnyd4an-psmisc-22.21/bin
PATH: /nix/store/kbd0l6vj6dir5580h1zhfhkkmpq2cfpx-procps-3.3.12/bin
PATH: /nix/store/i3vvqasnjb5kshsvd5ffpjkp03c0hq8g-htop-2.0.2/bin
PATH: /nix/store/77i5yv9hhmb18qwagpcmjc7angbb3srj-vim/bin
PATH: /nix/store/kg93317v59xr19jc3kq9db1m24d7qj1s-nano-2.8.1/bin
PATH: /nix/store/pn2bnz5djip4pm7igs43grdw0p8v43ny-tmux-2.3/bin
PATH: /nix/store/jd62zprscz81r9wpbp2z2k5a3ngsm7q1-which-2.21/bin
PATH: /nix/store/9kiv8kr4rw38jwi90iqk0mv4g94ypr13-bash-4.4-p12/bin
PATH: /nix/store/x4qh9x4h54y44r3ykg1zh20zy2gafh4r-zsh-5.3.1/bin
PATH: /nix/store/fwd7hiahjjr3qyr2qzrrrnsd2mp3y6py-nix-1.11.8/bin
PATH: /nix/store/9is2np45fdynmkbizhq7wp4mfbqzg0cb-git-2.12.2/bin
PATH: /nix/store/mixzhhkq05f79bbvjwx4aqcqi2hpysnh-tree-1.7.0/bin
PATH: /nix/store/cjw66l53w52yd3biqjrwr5vsg05wgvwm-indent-2.2.10/bin
PATH: /nix/store/aw151i31llhk4wh891wi78shm50wxcnd-schedtool-1.3.0/bin
PATH: /nix/store/6lla3yl9vgfgbjnavc5294wlj1823sk4-patchelf-0.9/bin
PATH: /nix/store/b0r1ji5xh319jr5633rcyhh254d2qpz6-paxctl-0.9/bin
PATH: /nix/store/dqfikdyxdrykwcbg1wp6nd725y0c7va4-gcc-wrapper-5.4.0/bin
PATH: /nix/store/p44wyjqcmb8ldjj3yxjf9v3d4ml6k29x-gcc-5.4.0/bin
PATH: /nix/store/8yb0smqwyf3da339b5kjhw8vwlslrdp0-binutils-2.28/bin
PATH: /nix/store/09ila41vf0q61zl0zv5sx34y25mbymx9-glibc-2.25-bin/bin
PATH: /nix/store/ar26y4qyr0cwkp75d4mppj474rzfmk6h-coreutils-8.27/bin
PATH: /nix/store/ar26y4qyr0cwkp75d4mppj474rzfmk6h-coreutils-8.27/bin
PATH: /nix/store/rga4djaxf49njx3h8d3ghs95a514x6d8-findutils-4.6.0/bin
PATH: /nix/store/8fgnl2pwcrpgxrrr2zb5301yr1rb16p0-diffutils-3.5/bin
PATH: /nix/store/9n2ddr7yw374cc35g08zwhzbcdrz2d3r-gnused-4.4/bin
PATH: /nix/store/w9rnix7bzpv18152nk97g2d38kin1j3b-gnugrep-3.0/bin
PATH: /nix/store/zszkyfm71w6dxq61jcrikb9ylm7cacrz-gawk-4.1.4/bin
PATH: /nix/store/k2q19w2iswyaxvahjpxh8niyjn0nyaf5-gnutar-1.29/bin
PATH: /nix/store/fcpdji0ycbsnlw03z7m4b062z03ia91z-gzip-1.8/bin
PATH: /nix/store/zb46j9lr2qwy93w0y6qlgxy1ycc9j77f-bzip2-1.0.6.0.1-bin/bin
PATH: /nix/store/vs5d866vbzhq826s3mjh7v222wmx83wb-gnumake-4.2.1/bin
PATH: /nix/store/hi4j75r312lsjhpdln9p8blyixs59hbs-bash-4.4-p12/bin
PATH: /nix/store/id4hp2barkyn10z4wrmwg8smj901qsgf-patch-2.7.5/bin
PATH: /nix/store/w3m2ys4gly4pvhi1dd407bqin58bbliw-xz-5.2.3-bin/bin


## ----------- ##
## Core tests. ##
## ----------- ##

configure:1884: checking for a BSD-compatible install
configure:1952: result: /nix/store/ar26y4qyr0cwkp75d4mppj474rzfmk6h-coreutils-8.27/bin/install -c
configure:1963: checking whether build environment is sane
configure:2018: result: yes
configure:2056: WARNING: 'missing' script is too old or missing
configure:2169: checking for a thread-safe mkdir -p
configure:2208: result: /nix/store/ar26y4qyr0cwkp75d4mppj474rzfmk6h-coreutils-8.27/bin/mkdir -p
configure:2215: checking for gawk
configure:2231: found /nix/store/zszkyfm71w6dxq61jcrikb9ylm7cacrz-gawk-4.1.4/bin/gawk
configure:2242: result: gawk
configure:2253: checking whether make sets $(MAKE)
configure:2275: result: yes
configure:2304: checking whether make supports nested variables
configure:2321: result: yes
configure:2417: checking for style of include used by make
configure:2445: result: GNU
configure:2516: checking for gcc
configure:2543: result: gcc
configure:2772: checking for C compiler version
configure:2781: gcc --version >&5
gcc (GCC) 5.4.0
Copyright (C) 2015 Free Software Foundation, Inc.
This is free software; see the source for copying conditions.  There is NO
warranty; not even for MERCHANTABILITY or FITNESS FOR A PARTICULAR PURPOSE.

configure:2792: $? = 0
configure:2781: gcc -v >&5
Using built-in specs.
COLLECT_GCC=/nix/store/p44wyjqcmb8ldjj3yxjf9v3d4ml6k29x-gcc-5.4.0/bin/gcc
COLLECT_LTO_WRAPPER=/nix/store/p44wyjqcmb8ldjj3yxjf9v3d4ml6k29x-gcc-5.4.0/libexec/gcc/x86_64-unknown-linux-gnu/5.4.0/lto-wrapper
Target: x86_64-unknown-linux-gnu
Configured with: 
Thread model: posix
gcc version 5.4.0 (GCC) 
configure:2792: $? = 0
configure:2781: gcc -V >&5
gcc: error: unrecognized command line option '-V'
gcc: fatal error: no input files
compilation terminated.
configure:2792: $? = 1
configure:2781: gcc -qversion >&5
gcc: error: unrecognized command line option '-qversion'
gcc: fatal error: no input files
compilation terminated.
configure:2792: $? = 1
configure:2812: checking whether the C compiler works
configure:2834: gcc    conftest.c  >&5
configure:2838: $? = 0
configure:2886: result: yes
configure:2889: checking for C compiler default output file name
configure:2891: result: a.out
configure:2897: checking for suffix of executables
configure:2904: gcc -o conftest    conftest.c  >&5
configure:2908: $? = 0
configure:2930: result: 
configure:2952: checking whether we are cross compiling
configure:2960: gcc -o conftest    conftest.c  >&5
configure:2964: $? = 0
configure:2971: ./conftest
configure:2975: $? = 0
configure:2990: result: no
configure:2995: checking for suffix of object files
configure:3017: gcc -c   conftest.c >&5
configure:3021: $? = 0
configure:3042: result: o
configure:3046: checking whether we are using the GNU C compiler
configure:3065: gcc -c   conftest.c >&5
configure:3065: $? = 0
configure:3074: result: yes
configure:3083: checking whether gcc accepts -g
configure:3103: gcc -c -g  conftest.c >&5
configure:3103: $? = 0
configure:3144: result: yes
configure:3161: checking for gcc option to accept ISO C89
configure:3224: gcc  -c -g -O2  conftest.c >&5
configure:3224: $? = 0
configure:3237: result: none needed
configure:3259: checking dependency style of gcc
configure:3370: result: gcc3
configure:3386: checking for clock_gettime in -lrt
configure:3411: gcc -o conftest -g -O2   conftest.c -lrt   >&5
configure:3411: $? = 0
configure:3420: result: yes
configure:3435: checking for doxygen
configure:3465: result: no
configure:3474: WARNING: Doxygen not found - continuing without Doxygen support
configure:3520: checking for ranlib
configure:3536: found /nix/store/8yb0smqwyf3da339b5kjhw8vwlslrdp0-binutils-2.28/bin/ranlib
configure:3547: result: ranlib
configure:3617: checking for gcc
configure:3644: result: gcc
configure:3873: checking for C compiler version
configure:3882: gcc --version >&5
gcc (GCC) 5.4.0
Copyright (C) 2015 Free Software Foundation, Inc.
This is free software; see the source for copying conditions.  There is NO
warranty; not even for MERCHANTABILITY or FITNESS FOR A PARTICULAR PURPOSE.

configure:3893: $? = 0
configure:3882: gcc -v >&5
Using built-in specs.
COLLECT_GCC=/nix/store/p44wyjqcmb8ldjj3yxjf9v3d4ml6k29x-gcc-5.4.0/bin/gcc
COLLECT_LTO_WRAPPER=/nix/store/p44wyjqcmb8ldjj3yxjf9v3d4ml6k29x-gcc-5.4.0/libexec/gcc/x86_64-unknown-linux-gnu/5.4.0/lto-wrapper
Target: x86_64-unknown-linux-gnu
Configured with: 
Thread model: posix
gcc version 5.4.0 (GCC) 
configure:3893: $? = 0
configure:3882: gcc -V >&5
gcc: error: unrecognized command line option '-V'
gcc: fatal error: no input files
compilation terminated.
configure:3893: $? = 1
configure:3882: gcc -qversion >&5
gcc: error: unrecognized command line option '-qversion'
gcc: fatal error: no input files
compilation terminated.
configure:3893: $? = 1
configure:3897: checking whether we are using the GNU C compiler
configure:3925: result: yes
configure:3934: checking whether gcc accepts -g
configure:3995: result: yes
configure:4012: checking for gcc option to accept ISO C89
configure:4088: result: none needed
configure:4110: checking dependency style of gcc
configure:4221: result: gcc3
configure:4359: checking that generated files are newer than configure
configure:4365: result: done
configure:4396: creating ./config.status

## ---------------------- ##
## Running config.status. ##
## ---------------------- ##

This file was extended by bcm2835 config.status 1.50, which was
generated by GNU Autoconf 2.69.  Invocation command line was

  CONFIG_FILES    = 
  CONFIG_HEADERS  = 
  CONFIG_LINKS    = 
  CONFIG_COMMANDS = 
  $ ./config.status 

on ct-resy-ss17-4

config.status:847: creating Makefile
config.status:847: creating src/Makefile
config.status:847: creating doc/Makefile
config.status:847: creating config.h
config.status:1076: executing depfiles commands

## ---------------- ##
## Cache variables. ##
## ---------------- ##

ac_cv_c_compiler_gnu=yes
ac_cv_env_CC_set=set
ac_cv_env_CC_value=gcc
ac_cv_env_CFLAGS_set=
ac_cv_env_CFLAGS_value=
ac_cv_env_CPPFLAGS_set=
ac_cv_env_CPPFLAGS_value=
ac_cv_env_LDFLAGS_set=
ac_cv_env_LDFLAGS_value=
ac_cv_env_LIBS_set=
ac_cv_env_LIBS_value=
ac_cv_env_build_alias_set=
ac_cv_env_build_alias_value=
ac_cv_env_host_alias_set=
ac_cv_env_host_alias_value=
ac_cv_env_target_alias_set=
ac_cv_env_target_alias_value=
ac_cv_lib_rt_clock_gettime=yes
ac_cv_objext=o
ac_cv_path_install='/nix/store/ar26y4qyr0cwkp75d4mppj474rzfmk6h-coreutils-8.27/bin/install -c'
ac_cv_path_mkdir=/nix/store/ar26y4qyr0cwkp75d4mppj474rzfmk6h-coreutils-8.27/bin/mkdir
ac_cv_prog_AWK=gawk
ac_cv_prog_ac_ct_CC=gcc
ac_cv_prog_ac_ct_RANLIB=ranlib
ac_cv_prog_cc_c89=
ac_cv_prog_cc_g=yes
ac_cv_prog_make_make_set=yes
am_cv_CC_dependencies_compiler_type=gcc3
am_cv_make_support_nested_variables=yes

## ----------------- ##
## Output variables. ##
## ----------------- ##

ACLOCAL='aclocal-1.13'
AMDEPBACKSLASH='\'
AMDEP_FALSE='#'
AMDEP_TRUE=''
AMTAR='$${TAR-tar}'
AM_BACKSLASH='\'
AM_DEFAULT_V='$(AM_DEFAULT_VERBOSITY)'
AM_DEFAULT_VERBOSITY='1'
AM_V='$(V)'
AUTOCONF='autoconf'
AUTOHEADER='autoheader'
AUTOMAKE='automake-1.13'
AWK='gawk'
CC='gcc'
CCDEPMODE='depmode=gcc3'
CFLAGS='-g -O2'
CPPFLAGS=''
CYGPATH_W='echo'
DEFS='-DHAVE_CONFIG_H'
DEPDIR='.deps'
DOXYGEN=''
ECHO_C=''
ECHO_N='-n'
ECHO_T=''
EXEEXT=''
HAVE_DOXYGEN_FALSE=''
HAVE_DOXYGEN_TRUE='#'
INSTALL_DATA='${INSTALL} -m 644'
INSTALL_PROGRAM='${INSTALL}'
INSTALL_SCRIPT='${INSTALL}'
INSTALL_STRIP_PROGRAM='$(install_sh) -c -s'
LDFLAGS=''
LIBOBJS=''
LIBS='-lrt '
LTLIBOBJS=''
MAKEINFO='makeinfo'
MKDIR_P='/nix/store/ar26y4qyr0cwkp75d4mppj474rzfmk6h-coreutils-8.27/bin/mkdir -p'
OBJEXT='o'
PACKAGE='bcm2835'
PACKAGE_BUGREPORT='mikem@airspayce.com'
PACKAGE_NAME='bcm2835'
PACKAGE_STRING='bcm2835 1.50'
PACKAGE_TARNAME='bcm2835'
PACKAGE_URL=''
PACKAGE_VERSION='1.50'
PATH_SEPARATOR=':'
RANLIB='ranlib'
SET_MAKE=''
SHELL='/nix/store/hi4j75r312lsjhpdln9p8blyixs59hbs-bash-4.4-p12/bin/bash'
STRIP=''
VERSION='1.50'
ac_ct_CC='gcc'
am__EXEEXT_FALSE=''
am__EXEEXT_TRUE='#'
am__fastdepCC_FALSE='#'
am__fastdepCC_TRUE=''
am__include='include'
am__isrc=''
am__leading_dot='.'
am__nodep='_no'
am__quote=''
am__tar='$${TAR-tar} chof - "$$tardir"'
am__untar='$${TAR-tar} xf -'
bindir='${exec_prefix}/bin'
build_alias=''
datadir='${datarootdir}'
datarootdir='${prefix}/share'
docdir='${datarootdir}/doc/${PACKAGE_TARNAME}'
dvidir='${docdir}'
exec_prefix='${prefix}'
host_alias=''
htmldir='${docdir}'
includedir='${prefix}/include'
infodir='${datarootdir}/info'
install_sh='${SHELL} /home/henstrob/resy-ss17-grp4/v3/rfid/bcm2835-1.50/install-sh'
libdir='${exec_prefix}/lib'
libexecdir='${exec_prefix}/libexec'
localedir='${datarootdir}/locale'
localstatedir='${prefix}/var'
mandir='${datarootdir}/man'
mkdir_p='$(MKDIR_P)'
oldincludedir='/usr/include'
pdfdir='${docdir}'
prefix='/usr/local'
program_transform_name='s,x,x,'
psdir='${docdir}'
sbindir='${exec_prefix}/sbin'
sharedstatedir='${prefix}/com'
sysconfdir='${prefix}/etc'
target_alias=''

## ----------- ##
## confdefs.h. ##
## ----------- ##

/* confdefs.h */
#define PACKAGE_NAME "bcm2835"
#define PACKAGE_TARNAME "bcm2835"
#define PACKAGE_VERSION "1.50"
#define PACKAGE_STRING "bcm2835 1.50"
#define PACKAGE_BUGREPORT "mikem@airspayce.com"
#define PACKAGE_URL ""
#define PACKAGE "bcm2835"
#define VERSION "1.50"
#define HAVE_LIBRT 1

configure: exit 0
